<?xml version="1.0" encoding="UTF-8"?>
<testng-results ignored="0" total="1" passed="1" failed="0" skipped="0">
  <reporter-output>
  </reporter-output>
  <suite started-at="2023-08-29T17:52:54 IST" name="Default suite" finished-at="2023-08-29T17:53:04 IST" duration-ms="9755">
    <groups>
      <group name="cucumber">
        <method signature="AbstractTestNGCucumberTests.runScenario(io.cucumber.testng.PickleWrapper,io.cucumber.testng.FeatureWrapper)[pri:0, instance:runner.RunCuke@7b94089b]" name="runScenario" class="io.cucumber.testng.AbstractTestNGCucumberTests"/>
      </group> <!-- cucumber -->
    </groups>
    <test started-at="2023-08-29T17:52:54 IST" name="Default test" finished-at="2023-08-29T17:53:04 IST" duration-ms="9755">
      <class name="runner.RunCuke">
        <test-method is-config="true" signature="setUpClass(org.testng.ITestContext)[pri:0, instance:runner.RunCuke@7b94089b]" started-at="2023-08-29T17:52:54 IST" name="setUpClass" finished-at="2023-08-29T17:52:54 IST" duration-ms="570" status="PASS">
          <params>
            <param index="0">
              <value>
                <![CDATA[org.testng.TestRunner@774c5e5c]]>
              </value>
            </param>
          </params>
          <reporter-output>
          </reporter-output>
        </test-method> <!-- setUpClass -->
        <test-method signature="runScenario(io.cucumber.testng.PickleWrapper,io.cucumber.testng.FeatureWrapper)[pri:0, instance:runner.RunCuke@7b94089b]" started-at="2023-08-29T17:52:54 IST" name="runScenario" description="Runs Cucumber Scenarios" data-provider="scenarios" finished-at="2023-08-29T17:53:03 IST" duration-ms="8572" status="PASS">
          <params>
            <param index="0">
              <value>
                <![CDATA["Verify the functionality of new Tab and Windows"]]>
              </value>
            </param>
            <param index="1">
              <value>
                <![CDATA["Verify the functionality of new Tabs and Windows"]]>
              </value>
            </param>
          </params>
          <reporter-output>
          </reporter-output>
        </test-method> <!-- runScenario -->
        <test-method is-config="true" signature="tearDownClass()[pri:0, instance:runner.RunCuke@7b94089b]" started-at="2023-08-29T17:53:03 IST" name="tearDownClass" finished-at="2023-08-29T17:53:04 IST" duration-ms="499" status="PASS">
          <reporter-output>
          </reporter-output>
        </test-method> <!-- tearDownClass -->
      </class> <!-- runner.RunCuke -->
    </test> <!-- Default test -->
  </suite> <!-- Default suite -->
</testng-results>
